<?xml version="1.0" encoding="UTF-8"?>
<!-- Generated by org.testng.reporters.JUnitReportReporter -->
<testsuite hostname="ZMO-WIN-AbhishekT-01" failures="0" tests="2" name="qaclickacademy.AppiumTest" time="0.017" errors="0" timestamp="2021-12-01T17:17:46 IST" skipped="0">
  <testcase classname="qaclickacademy.AppiumTest" name="NativeAPPAndroid" time="0.003"/>
  <system-out/>
  <testcase classname="qaclickacademy.AppiumTest" name="IOSApps" time="0.014"/>
  <system-out/>
</testsuite> <!-- qaclickacademy.AppiumTest -->
