<?xml version="1.0" encoding="UTF-8"?>
<!-- Generated by org.testng.reporters.JUnitReportReporter -->
<testsuite hostname="ZMO-WIN-AbhishekT-01" failures="0" tests="2" name="qaclickacademy.SeleniumTest" time="0.013" errors="0" timestamp="2021-12-01T17:33:16 IST" skipped="0">
  <testcase classname="qaclickacademy.SeleniumTest" name="BrowserAutomation" time="0.010"/>
  <system-out/>
  <testcase classname="qaclickacademy.SeleniumTest" name="elementUi" time="0.003"/>
  <system-out/>
</testsuite> <!-- qaclickacademy.SeleniumTest -->
