<?xml version="1.0" encoding="UTF-8"?>
<!-- Generated by org.testng.reporters.JUnitReportReporter -->
<testsuite hostname="ZMO-WIN-AbhishekT-01" failures="0" tests="2" name="qaclickacademy.RESTAPITest" time="0.013" errors="0" timestamp="2021-12-01T17:18:14 IST" skipped="0">
  <testcase classname="qaclickacademy.RESTAPITest" name="postJira" time="0.002"/>
  <system-out/>
  <testcase classname="qaclickacademy.RESTAPITest" name="deleteTwitter" time="0.011"/>
  <system-out/>
</testsuite> <!-- qaclickacademy.RESTAPITest -->
